# JRE version: OpenJDK Runtime Environment (17.0.10) (build 17.0.10+0--11572160)
# Java VM: OpenJDK 64-Bit Server VM (17.0.10+0--11572160, mixed mode, tiered, compressed oops, compressed class ptrs, g1 gc, windows-amd64)
GC Precious Log:
 CPUs: 16 total, 16 available
 Memory: 7573M
 Large Page Support: Disabled
 NUMA Support: Disabled
 Compressed Oops: Enabled (32-bit)
 Heap Region Size: 1M
 Heap Min Capacity: 8M
 Heap Initial Capacity: 120M
 Heap Max Capacity: 2G
 Pre-touch: Disabled
 Parallel Workers: 13
 Concurrent Workers: 3
 Concurrent Refinement Workers: 13
 Periodic GC: Disabled
Heap:
 garbage-first heap   total 437248K, used 197090K [0x0000000080000000, 0x0000000100000000)
  region size 1024K, 64 young (65536K), 3 survivors (3072K)
 Metaspace       used 135917K, committed 136768K, reserved 1179648K
  class space    used 18885K, committed 19328K, reserved 1048576K
GC Heap History (20 events):
Event: 11.343 GC heap before
{Heap before GC invocations=36 (full 0):
 garbage-first heap   total 256000K, used 204534K [0x0000000080000000, 0x0000000100000000)
  region size 1024K, 128 young (131072K), 1 survivors (1024K)
 Metaspace       used 99128K, committed 99776K, reserved 1179648K
  class space    used 13821K, committed 14144K, reserved 1048576K
}
Event: 11.355 GC heap after
{Heap after GC invocations=37 (full 0):
 garbage-first heap   total 256000K, used 83523K [0x0000000080000000, 0x0000000100000000)
  region size 1024K, 9 young (9216K), 9 survivors (9216K)
 Metaspace       used 99128K, committed 99776K, reserved 1179648K
  class space    used 13821K, committed 14144K, reserved 1048576K
}
Event: 12.252 GC heap before
{Heap before GC invocations=38 (full 0):
 garbage-first heap   total 256000K, used 227907K [0x0000000080000000, 0x0000000100000000)
  region size 1024K, 127 young (130048K), 9 survivors (9216K)
 Metaspace       used 104906K, committed 105664K, reserved 1179648K
  class space    used 14392K, committed 14784K, reserved 1048576K
}
Event: 12.265 GC heap after
{Heap after GC invocations=39 (full 0):
 garbage-first heap   total 256000K, used 86799K [0x0000000080000000, 0x0000000100000000)
  region size 1024K, 6 young (6144K), 6 survivors (6144K)
 Metaspace       used 104906K, committed 105664K, reserved 1179648K
  class space    used 14392K, committed 14784K, reserved 1048576K
}
Event: 12.292 GC heap before
{Heap before GC invocations=39 (full 0):
 garbage-first heap   total 256000K, used 91919K [0x0000000080000000, 0x0000000100000000)
  region size 1024K, 12 young (12288K), 6 survivors (6144K)
 Metaspace       used 105408K, committed 106176K, reserved 1179648K
  class space    used 14460K, committed 14784K, reserved 1048576K
}
Event: 12.297 GC heap after
{Heap after GC invocations=40 (full 0):
 garbage-first heap   total 256000K, used 86466K [0x0000000080000000, 0x0000000100000000)
  region size 1024K, 2 young (2048K), 2 survivors (2048K)
 Metaspace       used 105408K, committed 106176K, reserved 1179648K
  class space    used 14460K, committed 14784K, reserved 1048576K
}
Event: 12.738 GC heap before
{Heap before GC invocations=40 (full 0):
 garbage-first heap   total 256000K, used 207298K [0x0000000080000000, 0x0000000100000000)
  region size 1024K, 121 young (123904K), 2 survivors (2048K)
 Metaspace       used 106658K, committed 107328K, reserved 1179648K
  class space    used 14597K, committed 14912K, reserved 1048576K
}
Event: 12.763 GC heap after
{Heap after GC invocations=41 (full 0):
 garbage-first heap   total 256000K, used 93853K [0x0000000080000000, 0x0000000100000000)
  region size 1024K, 9 young (9216K), 9 survivors (9216K)
 Metaspace       used 106658K, committed 107328K, reserved 1179648K
  class space    used 14597K, committed 14912K, reserved 1048576K
}
Event: 15.197 GC heap before
{Heap before GC invocations=42 (full 0):
 garbage-first heap   total 256000K, used 207517K [0x0000000080000000, 0x0000000100000000)
  region size 1024K, 121 young (123904K), 9 survivors (9216K)
 Metaspace       used 114363K, committed 115136K, reserved 1179648K
  class space    used 15608K, committed 16000K, reserved 1048576K
}
Event: 15.206 GC heap after
{Heap after GC invocations=43 (full 0):
 garbage-first heap   total 256000K, used 102920K [0x0000000080000000, 0x0000000100000000)
  region size 1024K, 12 young (12288K), 12 survivors (12288K)
 Metaspace       used 114363K, committed 115136K, reserved 1179648K
  class space    used 15608K, committed 16000K, reserved 1048576K
}
Event: 15.216 GC heap before
{Heap before GC invocations=43 (full 0):
 garbage-first heap   total 256000K, used 102920K [0x0000000080000000, 0x0000000100000000)
  region size 1024K, 13 young (13312K), 12 survivors (12288K)
 Metaspace       used 114657K, committed 115520K, reserved 1179648K
  class space    used 15621K, committed 16064K, reserved 1048576K
}
Event: 15.220 GC heap after
{Heap after GC invocations=44 (full 0):
 garbage-first heap   total 256000K, used 101706K [0x0000000080000000, 0x0000000100000000)
  region size 1024K, 1 young (1024K), 1 survivors (1024K)
 Metaspace       used 114657K, committed 115520K, reserved 1179648K
  class space    used 15621K, committed 16064K, reserved 1048576K
}
Event: 15.233 GC heap before
{Heap before GC invocations=44 (full 0):
 garbage-first heap   total 256000K, used 102730K [0x0000000080000000, 0x0000000100000000)
  region size 1024K, 3 young (3072K), 1 survivors (1024K)
 Metaspace       used 114854K, committed 115712K, reserved 1179648K
  class space    used 15638K, committed 16064K, reserved 1048576K
}
Event: 15.235 GC heap after
{Heap after GC invocations=45 (full 0):
 garbage-first heap   total 256000K, used 101145K [0x0000000080000000, 0x0000000100000000)
  region size 1024K, 1 young (1024K), 1 survivors (1024K)
 Metaspace       used 114854K, committed 115712K, reserved 1179648K
  class space    used 15638K, committed 16064K, reserved 1048576K
}
Event: 16.230 GC heap before
{Heap before GC invocations=46 (full 0):
 garbage-first heap   total 256000K, used 207641K [0x0000000080000000, 0x0000000100000000)
  region size 1024K, 104 young (106496K), 1 survivors (1024K)
 Metaspace       used 123260K, committed 124032K, reserved 1179648K
  class space    used 16825K, committed 17216K, reserved 1048576K
}
Event: 16.235 GC heap after
{Heap after GC invocations=47 (full 0):
 garbage-first heap   total 256000K, used 110447K [0x0000000080000000, 0x0000000100000000)
  region size 1024K, 8 young (8192K), 8 survivors (8192K)
 Metaspace       used 123260K, committed 124032K, reserved 1179648K
  class space    used 16825K, committed 17216K, reserved 1048576K
}
Event: 16.267 GC heap before
{Heap before GC invocations=47 (full 0):
 garbage-first heap   total 256000K, used 113519K [0x0000000080000000, 0x0000000100000000)
  region size 1024K, 12 young (12288K), 8 survivors (8192K)
 Metaspace       used 123798K, committed 124608K, reserved 1179648K
  class space    used 16897K, committed 17280K, reserved 1048576K
}
Event: 16.273 GC heap after
{Heap after GC invocations=48 (full 0):
 garbage-first heap   total 256000K, used 109682K [0x0000000080000000, 0x0000000100000000)
  region size 1024K, 1 young (1024K), 1 survivors (1024K)
 Metaspace       used 123798K, committed 124608K, reserved 1179648K
  class space    used 16897K, committed 17280K, reserved 1048576K
}
Event: 17.096 GC heap before
{Heap before GC invocations=48 (full 0):
 garbage-first heap   total 256000K, used 186482K [0x0000000080000000, 0x0000000100000000)
  region size 1024K, 78 young (79872K), 1 survivors (1024K)
 Metaspace       used 133178K, committed 134080K, reserved 1179648K
  class space    used 18444K, committed 18880K, reserved 1048576K
}
Event: 17.102 GC heap after
{Heap after GC invocations=49 (full 0):
 garbage-first heap   total 556032K, used 111594K [0x0000000080000000, 0x0000000100000000)
  region size 1024K, 3 young (3072K), 3 survivors (3072K)
 Metaspace       used 133178K, committed 134080K, reserved 1179648K
  class space    used 18444K, committed 18880K, reserved 1048576K
}

